
==============================================

!Thu May 29 07:30:05 COT 2014

Processing file LeasingAs400_Flows\mqsi\Response.msgflow
Successfully added file LeasingAs400_Flows\mqsi\Response.msgflow to archive file
Elapsed time: 0,482 second(s).

==============================================

!Thu May 29 07:30:05 COT 2014

Processing file LeasingAs400_FlowsJava\.classpath.
Successfully added file LeasingAs400_FlowsJava\.classpath to archive file.
Elapsed time: 0,152 second(s).

==============================================

!Thu May 29 07:30:06 COT 2014

Processing file LeasingAs400_Flows\mqsi\Request.msgflow
Successfully added file LeasingAs400_Flows\mqsi\Request.msgflow to archive file
Elapsed time: 0,337 second(s).

==============================================

!Thu May 29 07:30:06 COT 2014

Processing file LeasingAs400_Flows\mqsi\LeerLog.msgflow
Successfully added file LeasingAs400_Flows\mqsi\LeerLog.msgflow to archive file
Elapsed time: 0,038 second(s).

==============================================

!Thu May 29 07:30:06 COT 2014

Processing file LeasingAs400_Flows\mqsi\LeerError.msgflow
Successfully added file LeasingAs400_Flows\mqsi\LeerError.msgflow to archive file
Elapsed time: 0,027 second(s).
